<?xml version="1.0" encoding="UTF-8"?>
<!-- Generated by org.testng.reporters.JUnitReportReporter -->
<testsuite hostname="IT3ANCVR" failures="0" tests="8" name="Configuration.ConfigurationTest" time="20.679" errors="0" timestamp="26 Jul 2020 10:21:38 GMT">
  <testcase classname="Configuration.ConfigurationTest" name="IOSPostpaidRequest" time="1.837"/>
  <testcase classname="Configuration.ConfigurationTest" name="IOSPrepaidRequest" time="1.094"/>
  <testcase classname="Configuration.ConfigurationTest" name="AndroidPostpaidRequest" time="1.102"/>
  <testcase classname="Configuration.ConfigurationTest" name="AndroidRedRequest" time="5.114"/>
  <testcase classname="Configuration.ConfigurationTest" name="AndroidPrepaidRequest" time="1.179"/>
  <testcase classname="Configuration.ConfigurationTest" name="AndroidFlexRequest" time="4.557"/>
  <testcase classname="Configuration.ConfigurationTest" name="IOSRedRequest" time="5.187"/>
  <testcase classname="Configuration.ConfigurationTest" name="IOSFlexRequest" time="0.609"/>
</testsuite> <!-- Configuration.ConfigurationTest -->
