<?xml version="1.0" encoding="UTF-8"?>
<!-- Generated by org.testng.reporters.JUnitReportReporter -->
<testsuite hostname="IT3ANCVR" failures="0" tests="7" name="Configuration.ConfigurationErrorTest" time="12.120" errors="0" timestamp="26 Jul 2020 10:21:38 GMT">
  <testcase classname="Configuration.ConfigurationErrorTest" name="badRequest" time="0.917"/>
  <testcase classname="Configuration.ConfigurationErrorTest" name="RequestWrongURL" time="0.994"/>
  <testcase classname="Configuration.ConfigurationErrorTest" name="RequestWithoutToken" time="1.525"/>
  <testcase classname="Configuration.ConfigurationErrorTest" name="RequestWithDifferentMSISDN" time="0.961"/>
  <testcase classname="Configuration.ConfigurationErrorTest" name="missningQRequest" time="1.020"/>
  <testcase classname="Configuration.ConfigurationErrorTest" name="RequestWithoutMsisdn" time="5.649"/>
  <testcase classname="Configuration.ConfigurationErrorTest" name="PostRequest" time="1.054"/>
</testsuite> <!-- Configuration.ConfigurationErrorTest -->
