<?xml version="1.0" encoding="UTF-8"?>
<!-- Generated by org.testng.reporters.JUnitReportReporter -->
<testsuite hostname="IT3ANCVR" failures="0" tests="8" name="Consumption.ConsumptionErrorTest" time="4.639" errors="0" timestamp="6 Jul 2020 14:52:25 GMT">
  <testcase classname="Consumption.ConsumptionErrorTest" name="PostRequest" time="0.428"/>
  <testcase classname="Consumption.ConsumptionErrorTest" name="RequestWithoutToken" time="0.457"/>
  <testcase classname="Consumption.ConsumptionErrorTest" name="RequestWithDifferentMSISDN" time="0.370"/>
  <testcase classname="Consumption.ConsumptionErrorTest" name="badRequest" time="1.759"/>
  <testcase classname="Consumption.ConsumptionErrorTest" name="RequestWithoutMsisdn" time="0.406"/>
  <testcase classname="Consumption.ConsumptionErrorTest" name="missningQRequest" time="0.407"/>
  <testcase classname="Consumption.ConsumptionErrorTest" name="RequestWithoutContentType" time="0.395"/>
  <testcase classname="Consumption.ConsumptionErrorTest" name="RequestWrongURL" time="0.417"/>
</testsuite> <!-- Consumption.ConsumptionErrorTest -->
