<?xml version="1.0" encoding="UTF-8"?>
<!-- Generated by org.testng.reporters.JUnitReportReporter -->
<testsuite hostname="IT3ANCVR" failures="0" tests="8" name="ProductInventory.AlertingErrorTest" time="47.931" errors="0" timestamp="20 Jul 2020 14:08:20 GMT">
  <testcase classname="ProductInventory.AlertingErrorTest" name="badRequest" time="1.947"/>
  <testcase classname="ProductInventory.AlertingErrorTest" name="RequestWithoutMsisdn" time="23.257"/>
  <testcase classname="ProductInventory.AlertingErrorTest" name="RequestWithoutContentType" time="5.229"/>
  <testcase classname="ProductInventory.AlertingErrorTest" name="PostRequest" time="1.157"/>
  <testcase classname="ProductInventory.AlertingErrorTest" name="RequestWithoutToken" time="8.215"/>
  <testcase classname="ProductInventory.AlertingErrorTest" name="missningQRequest" time="1.053"/>
  <testcase classname="ProductInventory.AlertingErrorTest" name="RequestWithDifferentMSISDN" time="5.826"/>
  <testcase classname="ProductInventory.AlertingErrorTest" name="RequestWrongURL" time="1.247"/>
</testsuite> <!-- ProductInventory.AlertingErrorTest -->
