<?xml version="1.0" encoding="UTF-8"?>
<!-- Generated by org.testng.reporters.JUnitReportReporter -->
<testsuite hostname="IT3ANCVR" failures="0" tests="7" name="Management.ManagementErrorTest" time="2.748" errors="0" timestamp="6 Jul 2020 14:52:25 GMT">
  <testcase classname="Management.ManagementErrorTest" name="RequestWrongURL" time="0.378"/>
  <testcase classname="Management.ManagementErrorTest" name="badRequest" time="0.398"/>
  <testcase classname="Management.ManagementErrorTest" name="RequestWithoutToken" time="0.359"/>
  <testcase classname="Management.ManagementErrorTest" name="RequestWithoutMsisdn" time="0.345"/>
  <testcase classname="Management.ManagementErrorTest" name="RequestWithDifferentMSISDN" time="0.422"/>
  <testcase classname="Management.ManagementErrorTest" name="PatchRequest" time="0.420"/>
  <testcase classname="Management.ManagementErrorTest" name="missningQRequest" time="0.426"/>
</testsuite> <!-- Management.ManagementErrorTest -->
