<?xml version="1.0" encoding="UTF-8"?>
<!-- Generated by org.testng.reporters.JUnitReportReporter -->
<testsuite hostname="IT3ANCVR" failures="0" tests="5" name="Loyalty.LoyaltyErrorTest" time="2.296" errors="0" timestamp="6 Jul 2020 14:52:25 GMT">
  <testcase classname="Loyalty.LoyaltyErrorTest" name="RequestWithoutToken" time="0.452"/>
  <testcase classname="Loyalty.LoyaltyErrorTest" name="RequestWithoutContentType" time="0.480"/>
  <testcase classname="Loyalty.LoyaltyErrorTest" name="PostRequest" time="0.453"/>
  <testcase classname="Loyalty.LoyaltyErrorTest" name="RequestWithoutMsisdn" time="0.511"/>
  <testcase classname="Loyalty.LoyaltyErrorTest" name="RequestWrongURL" time="0.400"/>
</testsuite> <!-- Loyalty.LoyaltyErrorTest -->
