<?xml version="1.0" encoding="UTF-8"?>
<!-- Generated by org.testng.reporters.JUnitReportReporter -->
<testsuite hostname="IT3ANCVR" failures="0" tests="2" name="USBUsageConsumption.USBConsumptionTest" time="24.739" errors="0" timestamp="29 Jul 2020 10:35:24 GMT">
  <testcase classname="USBUsageConsumption.USBConsumptionTest" name="FlexUSBUsage" time="17.058"/>
  <testcase classname="USBUsageConsumption.USBConsumptionTest" name="REDUSBUsage" time="7.681"/>
</testsuite> <!-- USBUsageConsumption.USBConsumptionTest -->
