<?xml version="1.0" encoding="UTF-8"?>
<!-- Generated by org.testng.reporters.JUnitReportReporter -->
<testsuite hostname="IT1CMKR" name="FlexCoins.FlexLoyaltyTest" tests="4" failures="0" timestamp="28 Jul 2020 19:03:14 GMT" time="30.005" errors="0">
  <testcase name="NonFlexNumber" time="10.969" classname="FlexCoins.FlexLoyaltyTest"/>
  <testcase name="FlexCoinsHasValue" time="8.269" classname="FlexCoins.FlexLoyaltyTest"/>
  <testcase name="NotEligibleForFlexCoins" time="2.685" classname="FlexCoins.FlexLoyaltyTest"/>
  <testcase name="FlexCoinsAreZero" time="8.082" classname="FlexCoins.FlexLoyaltyTest"/>
</testsuite> <!-- FlexCoins.FlexLoyaltyTest -->
