<?xml version="1.0" encoding="UTF-8"?>
<!-- Generated by org.testng.reporters.JUnitReportReporter -->
<testsuite hostname="IT1CMKR" name="Loyalty.FlexLoyaltyTest" tests="4" failures="0" timestamp="10 Jun 2020 10:34:50 GMT" time="10.628" errors="0">
  <testcase name="FlexCoinsHasValue" time="2.511" classname="Loyalty.FlexLoyaltyTest"/>
  <testcase name="NotEligibleForFlexCoins" time="4.165" classname="Loyalty.FlexLoyaltyTest"/>
  <testcase name="FlexCoinsAreZero" time="2.094" classname="Loyalty.FlexLoyaltyTest"/>
  <testcase name="NonFlexNumber" time="1.858" classname="Loyalty.FlexLoyaltyTest"/>
</testsuite> <!-- Loyalty.FlexLoyaltyTest -->
